<?xml version="1.0" encoding="UTF-8"?>
<testng-results skipped="0" failed="0" ignored="0" total="2" passed="2">
  <reporter-output>
  </reporter-output>
  <suite name="Default suite" duration-ms="90317" started-at="2018-12-27T10:19:45Z" finished-at="2018-12-27T10:21:15Z">
    <groups>
    </groups>
    <test name="Default test" duration-ms="90317" started-at="2018-12-27T10:19:45Z" finished-at="2018-12-27T10:21:15Z">
      <class name="testcases.TC001_LoginLogout">
        <test-method status="PASS" signature="beforeSuite()[pri:0, instance:testcases.TC001_LoginLogout@17faa95]" name="beforeSuite" is-config="true" duration-ms="2832" started-at="2018-12-27T15:49:42Z" finished-at="2018-12-27T15:49:45Z">
          <reporter-output>
          </reporter-output>
        </test-method> <!-- beforeSuite -->
        <test-method status="PASS" signature="setData()[pri:0, instance:testcases.TC001_LoginLogout@17faa95]" name="setData" is-config="true" duration-ms="0" started-at="2018-12-27T15:49:45Z" finished-at="2018-12-27T15:49:45Z">
          <reporter-output>
          </reporter-output>
        </test-method> <!-- setData -->
        <test-method status="PASS" signature="beforeClass()[pri:0, instance:testcases.TC001_LoginLogout@17faa95]" name="beforeClass" is-config="true" duration-ms="4" started-at="2018-12-27T15:49:45Z" finished-at="2018-12-27T15:49:45Z">
          <reporter-output>
          </reporter-output>
        </test-method> <!-- beforeClass -->
        <test-method status="PASS" signature="beforeMethod()[pri:0, instance:testcases.TC001_LoginLogout@17faa95]" name="beforeMethod" is-config="true" duration-ms="61045" started-at="2018-12-27T15:49:50Z" finished-at="2018-12-27T15:50:51Z">
          <reporter-output>
          </reporter-output>
        </test-method> <!-- beforeMethod -->
        <test-method status="PASS" signature="loginLogout(java.lang.String, java.lang.String)[pri:0, instance:testcases.TC001_LoginLogout@17faa95]" name="loginLogout" duration-ms="7780" started-at="2018-12-27T15:50:51Z" data-provider="fetchData" finished-at="2018-12-27T15:50:59Z">
          <params>
            <param index="0">
              <value>
                <![CDATA[DemoSalesManager]]>
              </value>
            </param>
            <param index="1">
              <value>
                <![CDATA[crmsfa]]>
              </value>
            </param>
          </params>
          <reporter-output>
          </reporter-output>
        </test-method> <!-- loginLogout -->
        <test-method status="PASS" signature="afterMethod()[pri:0, instance:testcases.TC001_LoginLogout@17faa95]" name="afterMethod" is-config="true" duration-ms="1102" started-at="2018-12-27T15:50:59Z" finished-at="2018-12-27T15:51:00Z">
          <reporter-output>
          </reporter-output>
        </test-method> <!-- afterMethod -->
        <test-method status="PASS" signature="beforeMethod()[pri:0, instance:testcases.TC001_LoginLogout@17faa95]" name="beforeMethod" is-config="true" duration-ms="11642" started-at="2018-12-27T15:51:00Z" finished-at="2018-12-27T15:51:12Z">
          <reporter-output>
          </reporter-output>
        </test-method> <!-- beforeMethod -->
        <test-method status="PASS" signature="loginLogout(java.lang.String, java.lang.String)[pri:0, instance:testcases.TC001_LoginLogout@17faa95]" name="loginLogout" duration-ms="2890" started-at="2018-12-27T15:51:12Z" data-provider="fetchData" finished-at="2018-12-27T15:51:15Z">
          <params>
            <param index="0">
              <value>
                <![CDATA[DemoCSR]]>
              </value>
            </param>
            <param index="1">
              <value>
                <![CDATA[crmsfa]]>
              </value>
            </param>
          </params>
          <reporter-output>
          </reporter-output>
        </test-method> <!-- loginLogout -->
        <test-method status="PASS" signature="afterMethod()[pri:0, instance:testcases.TC001_LoginLogout@17faa95]" name="afterMethod" is-config="true" duration-ms="675" started-at="2018-12-27T15:51:15Z" finished-at="2018-12-27T15:51:15Z">
          <reporter-output>
          </reporter-output>
        </test-method> <!-- afterMethod -->
        <test-method status="PASS" signature="afterTest()[pri:0, instance:testcases.TC001_LoginLogout@17faa95]" name="afterTest" is-config="true" duration-ms="0" started-at="2018-12-27T15:51:15Z" finished-at="2018-12-27T15:51:15Z">
          <reporter-output>
          </reporter-output>
        </test-method> <!-- afterTest -->
        <test-method status="PASS" signature="afterSuite()[pri:0, instance:testcases.TC001_LoginLogout@17faa95]" name="afterSuite" is-config="true" duration-ms="804" started-at="2018-12-27T15:51:16Z" finished-at="2018-12-27T15:51:16Z">
          <reporter-output>
          </reporter-output>
        </test-method> <!-- afterSuite -->
      </class> <!-- testcases.TC001_LoginLogout -->
    </test> <!-- Default test -->
  </suite> <!-- Default suite -->
</testng-results>
